[13-Nov-2023 16:26:47 UTC] PHP Parse error:  syntax error, unexpected token "echo" in C:\Users\Utilisateur\Desktop\laragon\www\getUtilisateurs.php on line 10
[13-Nov-2023 16:28:03 UTC] PHP Fatal error:  Uncaught PDOException: could not find driver in C:\Users\Utilisateur\Desktop\laragon\www\getUtilisateurs.php:3
Stack trace:
#0 C:\Users\Utilisateur\Desktop\laragon\www\getUtilisateurs.php(3): PDO->__construct('localhost:80')
#1 {main}
  thrown in C:\Users\Utilisateur\Desktop\laragon\www\getUtilisateurs.php on line 3
[13-Nov-2023 16:38:02 UTC] PHP Fatal error:  Uncaught PDOException: could not find driver in C:\Users\Utilisateur\Desktop\laragon\www\getUtilisateurs.php:4
Stack trace:
#0 C:\Users\Utilisateur\Desktop\laragon\www\getUtilisateurs.php(4): PDO->__construct('mysql-2c350324-...', '')
#1 {main}
  thrown in C:\Users\Utilisateur\Desktop\laragon\www\getUtilisateurs.php on line 4
[13-Nov-2023 16:38:02 UTC] PHP Fatal error:  Uncaught PDOException: could not find driver in C:\Users\Utilisateur\Desktop\laragon\www\getUtilisateurs.php:4
Stack trace:
#0 C:\Users\Utilisateur\Desktop\laragon\www\getUtilisateurs.php(4): PDO->__construct('mysql-2c350324-...', '')
#1 {main}
  thrown in C:\Users\Utilisateur\Desktop\laragon\www\getUtilisateurs.php on line 4
[13-Nov-2023 16:41:37 UTC] PHP Fatal error:  Uncaught PDOException: could not find driver in C:\Users\Utilisateur\Desktop\laragon\www\getUtilisateurs.php:5
Stack trace:
#0 C:\Users\Utilisateur\Desktop\laragon\www\getUtilisateurs.php(5): PDO->__construct('mysql-2c350324-...', 'mainuser', '2357')
#1 {main}
  thrown in C:\Users\Utilisateur\Desktop\laragon\www\getUtilisateurs.php on line 5
[13-Nov-2023 16:42:43 UTC] PHP Parse error:  syntax error, unexpected identifier "Bonjour", expecting ")" in C:\Users\Utilisateur\Desktop\laragon\www\getUtilisateurs.php on line 11
[13-Nov-2023 16:45:34 UTC] PHP Parse error:  syntax error, unexpected identifier "SELECT", expecting ")" in C:\Users\Utilisateur\Desktop\laragon\www\getUtilisateurs.php on line 10
[13-Nov-2023 16:48:15 UTC] PHP Parse error:  syntax error, unexpected identifier "SELECT", expecting ")" in C:\Users\Utilisateur\Desktop\laragon\www\getUtilisateurs.php on line 10
[13-Nov-2023 16:48:23 UTC] PHP Parse error:  syntax error, unexpected identifier "SELECT", expecting ")" in C:\Users\Utilisateur\Desktop\laragon\www\getUtilisateurs.php on line 10
[13-Nov-2023 16:48:24 UTC] PHP Parse error:  syntax error, unexpected identifier "SELECT", expecting ")" in C:\Users\Utilisateur\Desktop\laragon\www\getUtilisateurs.php on line 10
[13-Nov-2023 16:48:24 UTC] PHP Parse error:  syntax error, unexpected identifier "SELECT", expecting ")" in C:\Users\Utilisateur\Desktop\laragon\www\getUtilisateurs.php on line 10
[13-Nov-2023 16:48:35 UTC] PHP Parse error:  syntax error, unexpected identifier "SELECT", expecting ")" in C:\Users\Utilisateur\Desktop\laragon\www\getUtilisateurs.php on line 10
[13-Nov-2023 16:48:36 UTC] PHP Parse error:  syntax error, unexpected identifier "SELECT", expecting ")" in C:\Users\Utilisateur\Desktop\laragon\www\getUtilisateurs.php on line 10
[13-Nov-2023 16:48:37 UTC] PHP Parse error:  syntax error, unexpected identifier "SELECT", expecting ")" in C:\Users\Utilisateur\Desktop\laragon\www\getUtilisateurs.php on line 10
[13-Nov-2023 16:51:58 UTC] PHP Parse error:  syntax error, unexpected identifier "SELECT", expecting ")" in C:\Users\Utilisateur\Desktop\laragon\www\getUtilisateurs.php on line 10
[13-Nov-2023 16:51:59 UTC] PHP Parse error:  syntax error, unexpected identifier "SELECT", expecting ")" in C:\Users\Utilisateur\Desktop\laragon\www\getUtilisateurs.php on line 10
[13-Nov-2023 16:52:00 UTC] PHP Parse error:  syntax error, unexpected identifier "SELECT", expecting ")" in C:\Users\Utilisateur\Desktop\laragon\www\getUtilisateurs.php on line 10
[13-Nov-2023 16:52:00 UTC] PHP Parse error:  syntax error, unexpected identifier "SELECT", expecting ")" in C:\Users\Utilisateur\Desktop\laragon\www\getUtilisateurs.php on line 10
[13-Nov-2023 16:52:00 UTC] PHP Parse error:  syntax error, unexpected identifier "SELECT", expecting ")" in C:\Users\Utilisateur\Desktop\laragon\www\getUtilisateurs.php on line 10
[13-Nov-2023 16:52:00 UTC] PHP Parse error:  syntax error, unexpected identifier "SELECT", expecting ")" in C:\Users\Utilisateur\Desktop\laragon\www\getUtilisateurs.php on line 10
[13-Nov-2023 16:54:08 UTC] PHP Fatal error:  Uncaught PDOException: could not find driver in C:\Users\Utilisateur\Desktop\laragon\www\getUtilisateurs.php:5
Stack trace:
#0 C:\Users\Utilisateur\Desktop\laragon\www\getUtilisateurs.php(5): PDO->__construct('mysql-2c350324-...', 'mainuser', '2357')
#1 {main}
  thrown in C:\Users\Utilisateur\Desktop\laragon\www\getUtilisateurs.php on line 5
[13-Nov-2023 16:54:10 UTC] PHP Fatal error:  Uncaught PDOException: could not find driver in C:\Users\Utilisateur\Desktop\laragon\www\getUtilisateurs.php:5
Stack trace:
#0 C:\Users\Utilisateur\Desktop\laragon\www\getUtilisateurs.php(5): PDO->__construct('mysql-2c350324-...', 'mainuser', '2357')
#1 {main}
  thrown in C:\Users\Utilisateur\Desktop\laragon\www\getUtilisateurs.php on line 5
[13-Nov-2023 17:11:49 UTC] PHP Fatal error:  Uncaught Error: Undefined constant "phpinfo" in C:\Users\Utilisateur\Desktop\laragon\www\getUtilisateurs.php:2
Stack trace:
#0 {main}
  thrown in C:\Users\Utilisateur\Desktop\laragon\www\getUtilisateurs.php on line 2
[13-Nov-2023 18:12:44 UTC] PHP Fatal error:  Uncaught PDOException: SQLSTATE[HY000] [1045] Access denied for user 'avnadmin'@'205.237.78.67' (using password: YES) in C:\Users\Utilisateur\Desktop\laragon\www\getUtilisateurs.php:6
Stack trace:
#0 C:\Users\Utilisateur\Desktop\laragon\www\getUtilisateurs.php(6): PDO->__construct('mysql:host=mysq...', 'avnadmin', '2357')
#1 {main}
  thrown in C:\Users\Utilisateur\Desktop\laragon\www\getUtilisateurs.php on line 6
[13-Nov-2023 18:13:33 UTC] PHP Fatal error:  Uncaught PDOException: SQLSTATE[HY000] [1049] Unknown database 'MobileTP3MB' in C:\Users\Utilisateur\Desktop\laragon\www\getUtilisateurs.php:6
Stack trace:
#0 C:\Users\Utilisateur\Desktop\laragon\www\getUtilisateurs.php(6): PDO->__construct('mysql:host=mysq...', 'avnadmin', 'AVNS__jOOMT5ehe...')
#1 {main}
  thrown in C:\Users\Utilisateur\Desktop\laragon\www\getUtilisateurs.php on line 6
[13-Nov-2023 18:21:08 UTC] PHP Fatal error:  Uncaught PDOException: SQLSTATE[42S02]: Base table or view not found: 1146 Table 'defaultdb.user' doesn't exist in C:\Users\Utilisateur\Desktop\laragon\www\getUtilisateurs.php:11
Stack trace:
#0 C:\Users\Utilisateur\Desktop\laragon\www\getUtilisateurs.php(11): PDO->query('SELECT * FROM u...')
#1 {main}
  thrown in C:\Users\Utilisateur\Desktop\laragon\www\getUtilisateurs.php on line 11
[13-Nov-2023 18:29:33 UTC] PHP Fatal error:  Uncaught PDOException: SQLSTATE[42S02]: Base table or view not found: 1146 Table 'defaultdb.user' doesn't exist in C:\Users\Utilisateur\Desktop\laragon\www\getUtilisateurs.php:11
Stack trace:
#0 C:\Users\Utilisateur\Desktop\laragon\www\getUtilisateurs.php(11): PDO->query('SELECT * FROM u...')
#1 {main}
  thrown in C:\Users\Utilisateur\Desktop\laragon\www\getUtilisateurs.php on line 11
[13-Nov-2023 18:29:35 UTC] PHP Fatal error:  Uncaught PDOException: SQLSTATE[42S02]: Base table or view not found: 1146 Table 'defaultdb.user' doesn't exist in C:\Users\Utilisateur\Desktop\laragon\www\getUtilisateurs.php:11
Stack trace:
#0 C:\Users\Utilisateur\Desktop\laragon\www\getUtilisateurs.php(11): PDO->query('SELECT * FROM u...')
#1 {main}
  thrown in C:\Users\Utilisateur\Desktop\laragon\www\getUtilisateurs.php on line 11
[13-Nov-2023 18:29:35 UTC] PHP Fatal error:  Uncaught PDOException: SQLSTATE[42S02]: Base table or view not found: 1146 Table 'defaultdb.user' doesn't exist in C:\Users\Utilisateur\Desktop\laragon\www\getUtilisateurs.php:11
Stack trace:
#0 C:\Users\Utilisateur\Desktop\laragon\www\getUtilisateurs.php(11): PDO->query('SELECT * FROM u...')
#1 {main}
  thrown in C:\Users\Utilisateur\Desktop\laragon\www\getUtilisateurs.php on line 11
[13-Nov-2023 18:29:35 UTC] PHP Fatal error:  Uncaught PDOException: SQLSTATE[42S02]: Base table or view not found: 1146 Table 'defaultdb.user' doesn't exist in C:\Users\Utilisateur\Desktop\laragon\www\getUtilisateurs.php:11
Stack trace:
#0 C:\Users\Utilisateur\Desktop\laragon\www\getUtilisateurs.php(11): PDO->query('SELECT * FROM u...')
#1 {main}
  thrown in C:\Users\Utilisateur\Desktop\laragon\www\getUtilisateurs.php on line 11
[13-Nov-2023 18:29:35 UTC] PHP Fatal error:  Uncaught PDOException: SQLSTATE[42S02]: Base table or view not found: 1146 Table 'defaultdb.user' doesn't exist in C:\Users\Utilisateur\Desktop\laragon\www\getUtilisateurs.php:11
Stack trace:
#0 C:\Users\Utilisateur\Desktop\laragon\www\getUtilisateurs.php(11): PDO->query('SELECT * FROM u...')
#1 {main}
  thrown in C:\Users\Utilisateur\Desktop\laragon\www\getUtilisateurs.php on line 11
[13-Nov-2023 18:29:36 UTC] PHP Fatal error:  Uncaught PDOException: SQLSTATE[42S02]: Base table or view not found: 1146 Table 'defaultdb.user' doesn't exist in C:\Users\Utilisateur\Desktop\laragon\www\getUtilisateurs.php:11
Stack trace:
#0 C:\Users\Utilisateur\Desktop\laragon\www\getUtilisateurs.php(11): PDO->query('SELECT * FROM u...')
#1 {main}
  thrown in C:\Users\Utilisateur\Desktop\laragon\www\getUtilisateurs.php on line 11
[13-Nov-2023 18:29:36 UTC] PHP Fatal error:  Uncaught PDOException: SQLSTATE[42S02]: Base table or view not found: 1146 Table 'defaultdb.user' doesn't exist in C:\Users\Utilisateur\Desktop\laragon\www\getUtilisateurs.php:11
Stack trace:
#0 C:\Users\Utilisateur\Desktop\laragon\www\getUtilisateurs.php(11): PDO->query('SELECT * FROM u...')
#1 {main}
  thrown in C:\Users\Utilisateur\Desktop\laragon\www\getUtilisateurs.php on line 11
[13-Nov-2023 18:29:36 UTC] PHP Fatal error:  Uncaught PDOException: SQLSTATE[42S02]: Base table or view not found: 1146 Table 'defaultdb.user' doesn't exist in C:\Users\Utilisateur\Desktop\laragon\www\getUtilisateurs.php:11
Stack trace:
#0 C:\Users\Utilisateur\Desktop\laragon\www\getUtilisateurs.php(11): PDO->query('SELECT * FROM u...')
#1 {main}
  thrown in C:\Users\Utilisateur\Desktop\laragon\www\getUtilisateurs.php on line 11
[13-Nov-2023 18:29:36 UTC] PHP Fatal error:  Uncaught PDOException: SQLSTATE[42S02]: Base table or view not found: 1146 Table 'defaultdb.user' doesn't exist in C:\Users\Utilisateur\Desktop\laragon\www\getUtilisateurs.php:11
Stack trace:
#0 C:\Users\Utilisateur\Desktop\laragon\www\getUtilisateurs.php(11): PDO->query('SELECT * FROM u...')
#1 {main}
  thrown in C:\Users\Utilisateur\Desktop\laragon\www\getUtilisateurs.php on line 11
[13-Nov-2023 18:29:36 UTC] PHP Fatal error:  Uncaught PDOException: SQLSTATE[42S02]: Base table or view not found: 1146 Table 'defaultdb.user' doesn't exist in C:\Users\Utilisateur\Desktop\laragon\www\getUtilisateurs.php:11
Stack trace:
#0 C:\Users\Utilisateur\Desktop\laragon\www\getUtilisateurs.php(11): PDO->query('SELECT * FROM u...')
#1 {main}
  thrown in C:\Users\Utilisateur\Desktop\laragon\www\getUtilisateurs.php on line 11
[13-Nov-2023 18:29:37 UTC] PHP Fatal error:  Uncaught PDOException: SQLSTATE[42S02]: Base table or view not found: 1146 Table 'defaultdb.user' doesn't exist in C:\Users\Utilisateur\Desktop\laragon\www\getUtilisateurs.php:11
Stack trace:
#0 C:\Users\Utilisateur\Desktop\laragon\www\getUtilisateurs.php(11): PDO->query('SELECT * FROM u...')
#1 {main}
  thrown in C:\Users\Utilisateur\Desktop\laragon\www\getUtilisateurs.php on line 11
[13-Nov-2023 18:29:38 UTC] PHP Fatal error:  Uncaught PDOException: SQLSTATE[42S02]: Base table or view not found: 1146 Table 'defaultdb.user' doesn't exist in C:\Users\Utilisateur\Desktop\laragon\www\getUtilisateurs.php:11
Stack trace:
#0 C:\Users\Utilisateur\Desktop\laragon\www\getUtilisateurs.php(11): PDO->query('SELECT * FROM u...')
#1 {main}
  thrown in C:\Users\Utilisateur\Desktop\laragon\www\getUtilisateurs.php on line 11
[13-Nov-2023 18:36:30 UTC] PHP Fatal error:  Uncaught PDOException: SQLSTATE[HY000] [1049] Unknown database 'MobileTP3MB' in C:\Users\Utilisateur\Desktop\laragon\www\getUtilisateurs.php:6
Stack trace:
#0 C:\Users\Utilisateur\Desktop\laragon\www\getUtilisateurs.php(6): PDO->__construct('mysql:host=mysq...', 'avnadmin', 'AVNS__jOOMT5ehe...')
#1 {main}
  thrown in C:\Users\Utilisateur\Desktop\laragon\www\getUtilisateurs.php on line 6
[13-Nov-2023 18:37:00 UTC] PHP Fatal error:  Uncaught PDOException: SQLSTATE[HY000] [1049] Unknown database 'MobileTP3MB' in C:\Users\Utilisateur\Desktop\laragon\www\getUtilisateurs.php:6
Stack trace:
#0 C:\Users\Utilisateur\Desktop\laragon\www\getUtilisateurs.php(6): PDO->__construct('mysql:host=mysq...', 'avnadmin', 'AVNS__jOOMT5ehe...')
#1 {main}
  thrown in C:\Users\Utilisateur\Desktop\laragon\www\getUtilisateurs.php on line 6
[13-Nov-2023 18:39:04 UTC] PHP Fatal error:  Uncaught PDOException: SQLSTATE[42S02]: Base table or view not found: 1146 Table 'defaultdb.user' doesn't exist in C:\Users\Utilisateur\Desktop\laragon\www\getUtilisateurs.php:11
Stack trace:
#0 C:\Users\Utilisateur\Desktop\laragon\www\getUtilisateurs.php(11): PDO->query('SELECT * FROM u...')
#1 {main}
  thrown in C:\Users\Utilisateur\Desktop\laragon\www\getUtilisateurs.php on line 11
[13-Nov-2023 18:39:05 UTC] PHP Fatal error:  Uncaught PDOException: SQLSTATE[42S02]: Base table or view not found: 1146 Table 'defaultdb.user' doesn't exist in C:\Users\Utilisateur\Desktop\laragon\www\getUtilisateurs.php:11
Stack trace:
#0 C:\Users\Utilisateur\Desktop\laragon\www\getUtilisateurs.php(11): PDO->query('SELECT * FROM u...')
#1 {main}
  thrown in C:\Users\Utilisateur\Desktop\laragon\www\getUtilisateurs.php on line 11
[13-Nov-2023 18:40:11 UTC] PHP Fatal error:  Uncaught PDOException: SQLSTATE[42S02]: Base table or view not found: 1146 Table 'defaultdb.user' doesn't exist in C:\Users\Utilisateur\Desktop\laragon\www\getUtilisateurs.php:11
Stack trace:
#0 C:\Users\Utilisateur\Desktop\laragon\www\getUtilisateurs.php(11): PDO->query('SELECT * FROM u...')
#1 {main}
  thrown in C:\Users\Utilisateur\Desktop\laragon\www\getUtilisateurs.php on line 11
[13-Nov-2023 18:40:12 UTC] PHP Fatal error:  Uncaught PDOException: SQLSTATE[42S02]: Base table or view not found: 1146 Table 'defaultdb.user' doesn't exist in C:\Users\Utilisateur\Desktop\laragon\www\getUtilisateurs.php:11
Stack trace:
#0 C:\Users\Utilisateur\Desktop\laragon\www\getUtilisateurs.php(11): PDO->query('SELECT * FROM u...')
#1 {main}
  thrown in C:\Users\Utilisateur\Desktop\laragon\www\getUtilisateurs.php on line 11
[13-Nov-2023 18:40:12 UTC] PHP Fatal error:  Uncaught PDOException: SQLSTATE[42S02]: Base table or view not found: 1146 Table 'defaultdb.user' doesn't exist in C:\Users\Utilisateur\Desktop\laragon\www\getUtilisateurs.php:11
Stack trace:
#0 C:\Users\Utilisateur\Desktop\laragon\www\getUtilisateurs.php(11): PDO->query('SELECT * FROM u...')
#1 {main}
  thrown in C:\Users\Utilisateur\Desktop\laragon\www\getUtilisateurs.php on line 11
[13-Nov-2023 18:40:12 UTC] PHP Fatal error:  Uncaught PDOException: SQLSTATE[42S02]: Base table or view not found: 1146 Table 'defaultdb.user' doesn't exist in C:\Users\Utilisateur\Desktop\laragon\www\getUtilisateurs.php:11
Stack trace:
#0 C:\Users\Utilisateur\Desktop\laragon\www\getUtilisateurs.php(11): PDO->query('SELECT * FROM u...')
#1 {main}
  thrown in C:\Users\Utilisateur\Desktop\laragon\www\getUtilisateurs.php on line 11
[13-Nov-2023 18:40:12 UTC] PHP Fatal error:  Uncaught PDOException: SQLSTATE[42S02]: Base table or view not found: 1146 Table 'defaultdb.user' doesn't exist in C:\Users\Utilisateur\Desktop\laragon\www\getUtilisateurs.php:11
Stack trace:
#0 C:\Users\Utilisateur\Desktop\laragon\www\getUtilisateurs.php(11): PDO->query('SELECT * FROM u...')
#1 {main}
  thrown in C:\Users\Utilisateur\Desktop\laragon\www\getUtilisateurs.php on line 11
[13-Nov-2023 18:40:13 UTC] PHP Fatal error:  Uncaught PDOException: SQLSTATE[42S02]: Base table or view not found: 1146 Table 'defaultdb.user' doesn't exist in C:\Users\Utilisateur\Desktop\laragon\www\getUtilisateurs.php:11
Stack trace:
#0 C:\Users\Utilisateur\Desktop\laragon\www\getUtilisateurs.php(11): PDO->query('SELECT * FROM u...')
#1 {main}
  thrown in C:\Users\Utilisateur\Desktop\laragon\www\getUtilisateurs.php on line 11
[13-Nov-2023 18:40:13 UTC] PHP Fatal error:  Uncaught PDOException: SQLSTATE[42S02]: Base table or view not found: 1146 Table 'defaultdb.user' doesn't exist in C:\Users\Utilisateur\Desktop\laragon\www\getUtilisateurs.php:11
Stack trace:
#0 C:\Users\Utilisateur\Desktop\laragon\www\getUtilisateurs.php(11): PDO->query('SELECT * FROM u...')
#1 {main}
  thrown in C:\Users\Utilisateur\Desktop\laragon\www\getUtilisateurs.php on line 11
[13-Nov-2023 18:40:13 UTC] PHP Fatal error:  Uncaught PDOException: SQLSTATE[42S02]: Base table or view not found: 1146 Table 'defaultdb.user' doesn't exist in C:\Users\Utilisateur\Desktop\laragon\www\getUtilisateurs.php:11
Stack trace:
#0 C:\Users\Utilisateur\Desktop\laragon\www\getUtilisateurs.php(11): PDO->query('SELECT * FROM u...')
#1 {main}
  thrown in C:\Users\Utilisateur\Desktop\laragon\www\getUtilisateurs.php on line 11
[13-Nov-2023 18:40:54 UTC] PHP Warning:  Undefined variable $data in C:\Users\Utilisateur\Desktop\laragon\www\getUtilisateurs.php on line 12
[13-Nov-2023 18:41:41 UTC] PHP Fatal error:  Uncaught PDOException: SQLSTATE[42S02]: Base table or view not found: 1146 Table 'defaultdb.user' doesn't exist in C:\Users\Utilisateur\Desktop\laragon\www\getUtilisateurs.php:11
Stack trace:
#0 C:\Users\Utilisateur\Desktop\laragon\www\getUtilisateurs.php(11): PDO->query('SELECT * FROM u...')
#1 {main}
  thrown in C:\Users\Utilisateur\Desktop\laragon\www\getUtilisateurs.php on line 11
[13-Nov-2023 18:44:03 UTC] PHP Fatal error:  Uncaught PDOException: SQLSTATE[42S02]: Base table or view not found: 1146 Table 'defaultdb.user' doesn't exist in C:\Users\Utilisateur\Desktop\laragon\www\getUtilisateurs.php:11
Stack trace:
#0 C:\Users\Utilisateur\Desktop\laragon\www\getUtilisateurs.php(11): PDO->query('SELECT * FROM u...')
#1 {main}
  thrown in C:\Users\Utilisateur\Desktop\laragon\www\getUtilisateurs.php on line 11
[13-Nov-2023 18:46:40 UTC] PHP Fatal error:  Uncaught PDOException: SQLSTATE[HY000] [2002] Une tentative de connexion a échoué car le parti connecté n’a pas répondu convenablement au-delà d’une certaine durée ou une connexion établie a échoué car l’hôte de connexion n’a pas répondu in C:\Users\Utilisateur\Desktop\laragon\www\getUtilisateurs.php:6
Stack trace:
#0 C:\Users\Utilisateur\Desktop\laragon\www\getUtilisateurs.php(6): PDO->__construct('mysql:host=mysq...', 'avnadmin', 'AVNS__jOOMT5ehe...')
#1 {main}
  thrown in C:\Users\Utilisateur\Desktop\laragon\www\getUtilisateurs.php on line 6
[13-Nov-2023 18:47:20 UTC] PHP Fatal error:  Uncaught PDOException: SQLSTATE[42S02]: Base table or view not found: 1146 Table 'defaultdb.user' doesn't exist in C:\Users\Utilisateur\Desktop\laragon\www\getUtilisateurs.php:11
Stack trace:
#0 C:\Users\Utilisateur\Desktop\laragon\www\getUtilisateurs.php(11): PDO->query('SELECT * FROM u...')
#1 {main}
  thrown in C:\Users\Utilisateur\Desktop\laragon\www\getUtilisateurs.php on line 11
[13-Nov-2023 18:48:01 UTC] PHP Fatal error:  Uncaught PDOException: SQLSTATE[42S02]: Base table or view not found: 1146 Table 'defaultdb.user' doesn't exist in C:\Users\Utilisateur\Desktop\laragon\www\getUtilisateurs.php:11
Stack trace:
#0 C:\Users\Utilisateur\Desktop\laragon\www\getUtilisateurs.php(11): PDO->query('SELECT * FROM u...')
#1 {main}
  thrown in C:\Users\Utilisateur\Desktop\laragon\www\getUtilisateurs.php on line 11
[13-Nov-2023 18:48:01 UTC] PHP Fatal error:  Uncaught PDOException: SQLSTATE[42S02]: Base table or view not found: 1146 Table 'defaultdb.user' doesn't exist in C:\Users\Utilisateur\Desktop\laragon\www\getUtilisateurs.php:11
Stack trace:
#0 C:\Users\Utilisateur\Desktop\laragon\www\getUtilisateurs.php(11): PDO->query('SELECT * FROM u...')
#1 {main}
  thrown in C:\Users\Utilisateur\Desktop\laragon\www\getUtilisateurs.php on line 11
[13-Nov-2023 18:48:02 UTC] PHP Fatal error:  Uncaught PDOException: SQLSTATE[42S02]: Base table or view not found: 1146 Table 'defaultdb.user' doesn't exist in C:\Users\Utilisateur\Desktop\laragon\www\getUtilisateurs.php:11
Stack trace:
#0 C:\Users\Utilisateur\Desktop\laragon\www\getUtilisateurs.php(11): PDO->query('SELECT * FROM u...')
#1 {main}
  thrown in C:\Users\Utilisateur\Desktop\laragon\www\getUtilisateurs.php on line 11
[13-Nov-2023 18:48:02 UTC] PHP Fatal error:  Uncaught PDOException: SQLSTATE[42S02]: Base table or view not found: 1146 Table 'defaultdb.user' doesn't exist in C:\Users\Utilisateur\Desktop\laragon\www\getUtilisateurs.php:11
Stack trace:
#0 C:\Users\Utilisateur\Desktop\laragon\www\getUtilisateurs.php(11): PDO->query('SELECT * FROM u...')
#1 {main}
  thrown in C:\Users\Utilisateur\Desktop\laragon\www\getUtilisateurs.php on line 11
[13-Nov-2023 18:48:02 UTC] PHP Fatal error:  Uncaught PDOException: SQLSTATE[42S02]: Base table or view not found: 1146 Table 'defaultdb.user' doesn't exist in C:\Users\Utilisateur\Desktop\laragon\www\getUtilisateurs.php:11
Stack trace:
#0 C:\Users\Utilisateur\Desktop\laragon\www\getUtilisateurs.php(11): PDO->query('SELECT * FROM u...')
#1 {main}
  thrown in C:\Users\Utilisateur\Desktop\laragon\www\getUtilisateurs.php on line 11
[13-Nov-2023 18:50:54 UTC] PHP Fatal error:  Uncaught PDOException: SQLSTATE[3D000]: Invalid catalog name: 1046 No database selected in C:\Users\Utilisateur\Desktop\laragon\www\getUtilisateurs.php:11
Stack trace:
#0 C:\Users\Utilisateur\Desktop\laragon\www\getUtilisateurs.php(11): PDO->query('SELECT * FROM u...')
#1 {main}
  thrown in C:\Users\Utilisateur\Desktop\laragon\www\getUtilisateurs.php on line 11
[13-Nov-2023 18:50:55 UTC] PHP Fatal error:  Uncaught PDOException: SQLSTATE[3D000]: Invalid catalog name: 1046 No database selected in C:\Users\Utilisateur\Desktop\laragon\www\getUtilisateurs.php:11
Stack trace:
#0 C:\Users\Utilisateur\Desktop\laragon\www\getUtilisateurs.php(11): PDO->query('SELECT * FROM u...')
#1 {main}
  thrown in C:\Users\Utilisateur\Desktop\laragon\www\getUtilisateurs.php on line 11
[13-Nov-2023 18:50:55 UTC] PHP Fatal error:  Uncaught PDOException: SQLSTATE[3D000]: Invalid catalog name: 1046 No database selected in C:\Users\Utilisateur\Desktop\laragon\www\getUtilisateurs.php:11
Stack trace:
#0 C:\Users\Utilisateur\Desktop\laragon\www\getUtilisateurs.php(11): PDO->query('SELECT * FROM u...')
#1 {main}
  thrown in C:\Users\Utilisateur\Desktop\laragon\www\getUtilisateurs.php on line 11
[13-Nov-2023 18:50:56 UTC] PHP Fatal error:  Uncaught PDOException: SQLSTATE[3D000]: Invalid catalog name: 1046 No database selected in C:\Users\Utilisateur\Desktop\laragon\www\getUtilisateurs.php:11
Stack trace:
#0 C:\Users\Utilisateur\Desktop\laragon\www\getUtilisateurs.php(11): PDO->query('SELECT * FROM u...')
#1 {main}
  thrown in C:\Users\Utilisateur\Desktop\laragon\www\getUtilisateurs.php on line 11
[13-Nov-2023 18:50:56 UTC] PHP Fatal error:  Uncaught PDOException: SQLSTATE[3D000]: Invalid catalog name: 1046 No database selected in C:\Users\Utilisateur\Desktop\laragon\www\getUtilisateurs.php:11
Stack trace:
#0 C:\Users\Utilisateur\Desktop\laragon\www\getUtilisateurs.php(11): PDO->query('SELECT * FROM u...')
#1 {main}
  thrown in C:\Users\Utilisateur\Desktop\laragon\www\getUtilisateurs.php on line 11
[13-Nov-2023 18:50:56 UTC] PHP Fatal error:  Uncaught PDOException: SQLSTATE[3D000]: Invalid catalog name: 1046 No database selected in C:\Users\Utilisateur\Desktop\laragon\www\getUtilisateurs.php:11
Stack trace:
#0 C:\Users\Utilisateur\Desktop\laragon\www\getUtilisateurs.php(11): PDO->query('SELECT * FROM u...')
#1 {main}
  thrown in C:\Users\Utilisateur\Desktop\laragon\www\getUtilisateurs.php on line 11
[13-Nov-2023 18:50:56 UTC] PHP Fatal error:  Uncaught PDOException: SQLSTATE[3D000]: Invalid catalog name: 1046 No database selected in C:\Users\Utilisateur\Desktop\laragon\www\getUtilisateurs.php:11
Stack trace:
#0 C:\Users\Utilisateur\Desktop\laragon\www\getUtilisateurs.php(11): PDO->query('SELECT * FROM u...')
#1 {main}
  thrown in C:\Users\Utilisateur\Desktop\laragon\www\getUtilisateurs.php on line 11
[13-Nov-2023 18:50:56 UTC] PHP Fatal error:  Uncaught PDOException: SQLSTATE[3D000]: Invalid catalog name: 1046 No database selected in C:\Users\Utilisateur\Desktop\laragon\www\getUtilisateurs.php:11
Stack trace:
#0 C:\Users\Utilisateur\Desktop\laragon\www\getUtilisateurs.php(11): PDO->query('SELECT * FROM u...')
#1 {main}
  thrown in C:\Users\Utilisateur\Desktop\laragon\www\getUtilisateurs.php on line 11
[13-Nov-2023 18:50:56 UTC] PHP Fatal error:  Uncaught PDOException: SQLSTATE[3D000]: Invalid catalog name: 1046 No database selected in C:\Users\Utilisateur\Desktop\laragon\www\getUtilisateurs.php:11
Stack trace:
#0 C:\Users\Utilisateur\Desktop\laragon\www\getUtilisateurs.php(11): PDO->query('SELECT * FROM u...')
#1 {main}
  thrown in C:\Users\Utilisateur\Desktop\laragon\www\getUtilisateurs.php on line 11
[13-Nov-2023 19:26:37 UTC] PHP Fatal error:  Uncaught PDOException: SQLSTATE[3D000]: Invalid catalog name: 1046 No database selected in C:\Users\Utilisateur\Desktop\laragon\www\getUtilisateurs.php:11
Stack trace:
#0 C:\Users\Utilisateur\Desktop\laragon\www\getUtilisateurs.php(11): PDO->query('SELECT * FROM u...')
#1 {main}
  thrown in C:\Users\Utilisateur\Desktop\laragon\www\getUtilisateurs.php on line 11
[13-Nov-2023 20:37:47 UTC] PHP Fatal error:  Uncaught PDOException: SQLSTATE[3D000]: Invalid catalog name: 1046 No database selected in C:\Users\Utilisateur\Desktop\laragon\www\getUtilisateurs.php:11
Stack trace:
#0 C:\Users\Utilisateur\Desktop\laragon\www\getUtilisateurs.php(11): PDO->query('SELECT * FROM u...')
#1 {main}
  thrown in C:\Users\Utilisateur\Desktop\laragon\www\getUtilisateurs.php on line 11
[13-Nov-2023 20:40:51 UTC] PHP Fatal error:  Uncaught Error: Call to undefined method PDOStatement::exec() in C:\Users\Utilisateur\Desktop\laragon\www\getUtilisateurs.php:11
Stack trace:
#0 {main}
  thrown in C:\Users\Utilisateur\Desktop\laragon\www\getUtilisateurs.php on line 11
[13-Nov-2023 20:45:05 UTC] PHP Fatal error:  Uncaught Error: Call to undefined method PDOStatement::exec() in C:\Users\Utilisateur\Desktop\laragon\www\getUtilisateurs.php:11
Stack trace:
#0 {main}
  thrown in C:\Users\Utilisateur\Desktop\laragon\www\getUtilisateurs.php on line 11
[13-Nov-2023 20:45:06 UTC] PHP Fatal error:  Uncaught Error: Call to undefined method PDOStatement::exec() in C:\Users\Utilisateur\Desktop\laragon\www\getUtilisateurs.php:11
Stack trace:
#0 {main}
  thrown in C:\Users\Utilisateur\Desktop\laragon\www\getUtilisateurs.php on line 11
[13-Nov-2023 20:45:47 UTC] PHP Fatal error:  Uncaught Error: Call to undefined method PDOStatement::exec() in C:\Users\Utilisateur\Desktop\laragon\www\getUtilisateurs.php:11
Stack trace:
#0 {main}
  thrown in C:\Users\Utilisateur\Desktop\laragon\www\getUtilisateurs.php on line 11
[14-Nov-2023 16:58:42 UTC] PHP Parse error:  syntax error, unexpected token "echo" in C:\Users\Utilisateur\Desktop\laragon\www\postUser.php on line 11
