::1 - - [12/Nov/2023:14:56:21 -0500] "GET / HTTP/1.1" 200 122
::1 - - [12/Nov/2023:14:56:21 -0500] "GET /favicon.ico HTTP/1.1" 404 196
::1 - - [12/Nov/2023:14:56:34 -0500] "GET / HTTP/1.1" 200 122
::1 - - [12/Nov/2023:15:48:45 -0500] "GET /test HTTP/1.1" 404 196
::1 - - [12/Nov/2023:15:48:55 -0500] "GET /test HTTP/1.1" 404 196
::1 - - [12/Nov/2023:15:49:04 -0500] "GET /test.php HTTP/1.1" 200 154
::1 - - [13/Nov/2023:07:36:39 -0500] "GET / HTTP/1.1" 200 122
::1 - - [13/Nov/2023:11:25:36 -0500] "GET / HTTP/1.1" 200 122
::1 - - [13/Nov/2023:11:25:36 -0500] "GET /favicon.ico HTTP/1.1" 404 196
::1 - - [13/Nov/2023:11:25:49 -0500] "GET /getUsers.php HTTP/1.1" 404 196
::1 - - [13/Nov/2023:11:26:15 -0500] "GET /getUtilisateurs.php HTTP/1.1" 200 181
::1 - - [13/Nov/2023:11:26:47 -0500] "GET /getUtilisateurs.php HTTP/1.1" 200 171
::1 - - [13/Nov/2023:11:28:03 -0500] "GET /getUtilisateurs.php HTTP/1.1" 200 369
::1 - - [13/Nov/2023:11:38:02 -0500] "GET /getUtilisateurs.php HTTP/1.1" 200 379
::1 - - [13/Nov/2023:11:38:02 -0500] "GET /getUtilisateurs.php HTTP/1.1" 200 379
::1 - - [13/Nov/2023:11:41:37 -0500] "GET /getUtilisateurs.php HTTP/1.1" 200 395
::1 - - [13/Nov/2023:11:42:43 -0500] "GET /getUtilisateurs.php HTTP/1.1" 200 204
::1 - - [13/Nov/2023:11:45:34 -0500] "GET /getUtilisateurs.php HTTP/1.1" 200 203
::1 - - [13/Nov/2023:11:48:15 -0500] "GET /getUtilisateurs.php HTTP/1.1" 200 203
::1 - - [13/Nov/2023:11:48:23 -0500] "GET /getUtilisateurs.php HTTP/1.1" 200 203
::1 - - [13/Nov/2023:11:48:24 -0500] "GET /getUtilisateurs.php HTTP/1.1" 200 203
::1 - - [13/Nov/2023:11:48:24 -0500] "GET /getUtilisateurs.php HTTP/1.1" 200 203
::1 - - [13/Nov/2023:11:48:35 -0500] "GET /getUtilisateurs.php HTTP/1.1" 200 203
::1 - - [13/Nov/2023:11:48:36 -0500] "GET /getUtilisateurs.php HTTP/1.1" 200 203
::1 - - [13/Nov/2023:11:48:37 -0500] "GET /getUtilisateurs.php HTTP/1.1" 200 203
::1 - - [13/Nov/2023:11:51:58 -0500] "GET /getUtilisateurs.php HTTP/1.1" 200 203
::1 - - [13/Nov/2023:11:51:59 -0500] "GET /getUtilisateurs.php HTTP/1.1" 200 203
::1 - - [13/Nov/2023:11:52:00 -0500] "GET /getUtilisateurs.php HTTP/1.1" 200 203
::1 - - [13/Nov/2023:11:52:00 -0500] "GET /getUtilisateurs.php HTTP/1.1" 200 203
::1 - - [13/Nov/2023:11:52:00 -0500] "GET /getUtilisateurs.php HTTP/1.1" 200 203
::1 - - [13/Nov/2023:11:52:00 -0500] "GET /getUtilisateurs.php HTTP/1.1" 200 203
::1 - - [13/Nov/2023:11:54:08 -0500] "GET /getUtilisateurs.php HTTP/1.1" 200 395
::1 - - [13/Nov/2023:11:54:10 -0500] "GET /getUtilisateurs.php HTTP/1.1" 200 395
::1 - - [13/Nov/2023:12:11:44 -0500] "GET /getUtilisateur HTTP/1.1" 404 196
::1 - - [13/Nov/2023:12:11:49 -0500] "GET /getUtilisateurs.php HTTP/1.1" 200 275
::1 - - [13/Nov/2023:12:12:00 -0500] "GET /getUtilisateurs.php HTTP/1.1" 200 86237
::1 - - [13/Nov/2023:13:02:07 -0500] "GET /getUtilisateurs.php HTTP/1.1" 200 86001
::1 - - [13/Nov/2023:13:12:44 -0500] "GET /getUtilisateurs.php HTTP/1.1" 200 468
::1 - - [13/Nov/2023:13:13:32 -0500] "GET /getUtilisateurs.php HTTP/1.1" 200 441
::1 - - [13/Nov/2023:13:21:08 -0500] "GET /getUtilisateurs.php HTTP/1.1" 200 439
::1 - - [13/Nov/2023:13:29:33 -0500] "GET /getUtilisateurs.php HTTP/1.1" 200 439
::1 - - [13/Nov/2023:13:29:34 -0500] "GET /getUtilisateurs.php HTTP/1.1" 200 439
::1 - - [13/Nov/2023:13:29:35 -0500] "GET /getUtilisateurs.php HTTP/1.1" 200 439
::1 - - [13/Nov/2023:13:29:35 -0500] "GET /getUtilisateurs.php HTTP/1.1" 200 439
::1 - - [13/Nov/2023:13:29:35 -0500] "GET /getUtilisateurs.php HTTP/1.1" 200 439
::1 - - [13/Nov/2023:13:29:36 -0500] "GET /getUtilisateurs.php HTTP/1.1" 200 439
::1 - - [13/Nov/2023:13:29:36 -0500] "GET /getUtilisateurs.php HTTP/1.1" 200 439
::1 - - [13/Nov/2023:13:29:36 -0500] "GET /getUtilisateurs.php HTTP/1.1" 200 439
::1 - - [13/Nov/2023:13:29:36 -0500] "GET /getUtilisateurs.php HTTP/1.1" 200 439
::1 - - [13/Nov/2023:13:29:36 -0500] "GET /getUtilisateurs.php HTTP/1.1" 200 439
::1 - - [13/Nov/2023:13:29:36 -0500] "GET /getUtilisateurs.php HTTP/1.1" 200 439
::1 - - [13/Nov/2023:13:29:37 -0500] "GET /getUtilisateurs.php HTTP/1.1" 200 439
::1 - - [13/Nov/2023:13:36:30 -0500] "GET /getUtilisateurs.php HTTP/1.1" 200 441
::1 - - [13/Nov/2023:13:37:00 -0500] "GET /getUtilisateurs.php HTTP/1.1" 200 441
::1 - - [13/Nov/2023:13:39:04 -0500] "GET /getUtilisateurs.php HTTP/1.1" 200 439
::1 - - [13/Nov/2023:13:39:05 -0500] "GET /getUtilisateurs.php HTTP/1.1" 200 439
::1 - - [13/Nov/2023:13:40:11 -0500] "GET /getUtilisateurs.php HTTP/1.1" 200 439
::1 - - [13/Nov/2023:13:40:12 -0500] "GET /getUtilisateurs.php HTTP/1.1" 200 439
::1 - - [13/Nov/2023:13:40:12 -0500] "GET /getUtilisateurs.php HTTP/1.1" 200 439
::1 - - [13/Nov/2023:13:40:12 -0500] "GET /getUtilisateurs.php HTTP/1.1" 200 439
::1 - - [13/Nov/2023:13:40:12 -0500] "GET /getUtilisateurs.php HTTP/1.1" 200 439
::1 - - [13/Nov/2023:13:40:13 -0500] "GET /getUtilisateurs.php HTTP/1.1" 200 439
::1 - - [13/Nov/2023:13:40:13 -0500] "GET /getUtilisateurs.php HTTP/1.1" 200 439
::1 - - [13/Nov/2023:13:40:13 -0500] "GET /getUtilisateurs.php HTTP/1.1" 200 439
::1 - - [13/Nov/2023:13:40:54 -0500] "GET /getUtilisateurs.php HTTP/1.1" 200 148
::1 - - [13/Nov/2023:13:41:41 -0500] "GET /getUtilisateurs.php HTTP/1.1" 200 439
::1 - - [13/Nov/2023:13:44:03 -0500] "GET /getUtilisateurs.php HTTP/1.1" 200 439
::1 - - [13/Nov/2023:13:46:18 -0500] "GET /getUtilisateurs.php HTTP/1.1" 200 621
::1 - - [13/Nov/2023:13:47:20 -0500] "GET /getUtilisateurs.php HTTP/1.1" 200 439
::1 - - [13/Nov/2023:13:48:01 -0500] "GET /getUtilisateurs.php HTTP/1.1" 200 439
::1 - - [13/Nov/2023:13:48:01 -0500] "GET /getUtilisateurs.php HTTP/1.1" 200 439
::1 - - [13/Nov/2023:13:48:02 -0500] "GET /getUtilisateurs.php HTTP/1.1" 200 439
::1 - - [13/Nov/2023:13:48:02 -0500] "GET /getUtilisateurs.php HTTP/1.1" 200 439
::1 - - [13/Nov/2023:13:48:02 -0500] "GET /getUtilisateurs.php HTTP/1.1" 200 439
::1 - - [13/Nov/2023:13:50:54 -0500] "GET /getUtilisateurs.php HTTP/1.1" 200 415
::1 - - [13/Nov/2023:13:50:55 -0500] "GET /getUtilisateurs.php HTTP/1.1" 200 415
::1 - - [13/Nov/2023:13:50:55 -0500] "GET /getUtilisateurs.php HTTP/1.1" 200 415
::1 - - [13/Nov/2023:13:50:56 -0500] "GET /getUtilisateurs.php HTTP/1.1" 200 415
::1 - - [13/Nov/2023:13:50:56 -0500] "GET /getUtilisateurs.php HTTP/1.1" 200 415
::1 - - [13/Nov/2023:13:50:56 -0500] "GET /getUtilisateurs.php HTTP/1.1" 200 415
::1 - - [13/Nov/2023:13:50:56 -0500] "GET /getUtilisateurs.php HTTP/1.1" 200 415
::1 - - [13/Nov/2023:13:50:56 -0500] "GET /getUtilisateurs.php HTTP/1.1" 200 415
::1 - - [13/Nov/2023:13:50:56 -0500] "GET /getUtilisateurs.php HTTP/1.1" 200 415
::1 - - [13/Nov/2023:14:26:37 -0500] "GET /getUtilisateurs.php HTTP/1.1" 200 415
::1 - - [13/Nov/2023:14:26:37 -0500] "GET /favicon.ico HTTP/1.1" 404 196
::1 - - [13/Nov/2023:15:37:42 -0500] "GET /getUtilisateur.php HTTP/1.1" 404 196
::1 - - [13/Nov/2023:15:37:47 -0500] "GET /getUtilisateurs.php HTTP/1.1" 200 415
::1 - - [13/Nov/2023:15:38:10 -0500] "GET /getUtilisateurs.php HTTP/1.1" 200 36
::1 - - [13/Nov/2023:15:40:35 -0500] "GET /getUtilisateurs.php HTTP/1.1" 200 2
::1 - - [13/Nov/2023:15:40:35 -0500] "GET /getUtilisateurs.php HTTP/1.1" 200 2
::1 - - [13/Nov/2023:15:40:36 -0500] "GET /getUtilisateurs.php HTTP/1.1" 200 2
::1 - - [13/Nov/2023:15:40:36 -0500] "GET /getUtilisateurs.php HTTP/1.1" 200 2
::1 - - [13/Nov/2023:15:40:51 -0500] "GET /getUtilisateurs.php HTTP/1.1" 200 284
::1 - - [13/Nov/2023:15:45:05 -0500] "GET /getUtilisateurs.php HTTP/1.1" 200 284
::1 - - [13/Nov/2023:15:45:06 -0500] "GET /getUtilisateurs.php HTTP/1.1" 200 284
::1 - - [13/Nov/2023:15:45:47 -0500] "GET /getUtilisateurs.php HTTP/1.1" 200 284
::1 - - [13/Nov/2023:15:46:04 -0500] "GET /getUtilisateurs.php HTTP/1.1" 200 2
::1 - - [13/Nov/2023:15:48:01 -0500] "GET /getUtilisateurs.php HTTP/1.1" 200 112
::1 - - [13/Nov/2023:15:59:58 -0500] "GET /getUtilisateurs.php HTTP/1.1" 200 116
192.168.0.101 - - [13/Nov/2023:16:26:15 -0500] "\x16\x03\x01\x02p\x01" 400 226
192.168.0.101 - - [13/Nov/2023:16:26:15 -0500] "\x16\x03\x01\x02p\x01" 400 226
192.168.0.101 - - [13/Nov/2023:16:26:42 -0500] "\x16\x03\x01\x02p\x01" 400 226
192.168.0.101 - - [13/Nov/2023:16:26:46 -0500] "\x16\x03\x01\x02p\x01" 400 226
192.168.0.101 - - [13/Nov/2023:16:26:53 -0500] "\x16\x03\x01\x02p\x01" 400 226
192.168.0.101 - - [13/Nov/2023:16:26:54 -0500] "\x16\x03\x01\x02p\x01" 400 226
192.168.0.101 - - [13/Nov/2023:16:27:45 -0500] "GET /getUtilisateurs.php HTTP/1.1" 200 116
192.168.0.101 - - [13/Nov/2023:16:27:45 -0500] "GET /favicon.ico HTTP/1.1" 404 196
192.168.0.101 - - [13/Nov/2023:18:01:06 -0500] "GET /getUtilisateur HTTP/1.1" 404 196
192.168.0.101 - - [13/Nov/2023:18:01:24 -0500] "GET /getUtilisateurs HTTP/1.1" 404 196
192.168.0.101 - - [13/Nov/2023:18:02:10 -0500] "GET /getUtilisateurs HTTP/1.1" 404 196
192.168.0.101 - - [13/Nov/2023:18:02:23 -0500] "GET /getUtilisateurs.php HTTP/1.1" 200 116
192.168.0.101 - - [13/Nov/2023:18:03:23 -0500] "-" 408 -
::1 - - [14/Nov/2023:11:58:31 -0500] "POST /postUser HTTP/1.1" 404 196
::1 - - [14/Nov/2023:11:58:42 -0500] "POST /postUser.php HTTP/1.1" 200 164
::1 - - [14/Nov/2023:13:09:27 -0500] "POST /postUser.php HTTP/1.1" 200 -
::1 - - [14/Nov/2023:13:09:50 -0500] "POST /postUser.php HTTP/1.1" 200 25
