2ad8 start_logger              154 ---- 2023/11/13 07:36:22.441 -------------------------------------------------
2ad8 start_logger              160 Host process is 'cmd.exe' (pid 10968)
2ad8 start_logger              164 DLL path is 'C:\Users\Utilisateur\Desktop\laragon\bin\cmder\vendor\clink'
2ad8 start_logger              178 Windows version 10.0.19045 (x64)
2ad8 start_logger              181 Clink version 1.2.46.69fc92 (x64)
2ad8 hook_setter::hook_setter  156 >>> Started hook transaction.
2ad8 hook_setter::attach_iat   313 Attempting to hook SetEnvironmentVariableW in IAT for module 00007FF65E800000.
2ad8 pe_info::iterate_imports  160 Found import in 'api-ms-win-core-processenvironment-l1-1-0.dll'
2ad8 find_iat                  121 Found import at 00007FF65E833860 (value is 00007FFDB06A3150).
2ad8 hook_setter::attach_iat   313 Attempting to hook WriteConsoleW in IAT for module 00007FF65E800000.
2ad8 pe_info::iterate_imports  160 Found import in 'api-ms-win-core-console-l1-1-0.dll'
2ad8 find_iat                  121 Found import at 00007FF65E8334F8 (value is 00007FFDB06476D0).
2ad8 hook_setter::attach_iat   313 Attempting to hook GetEnvironmentVariableW in IAT for module 00007FF65E800000.
2ad8 pe_info::iterate_imports  160 Found import in 'api-ms-win-core-processenvironment-l1-1-0.dll'
2ad8 find_iat                  121 Found import at 00007FF65E833880 (value is 00007FFDB0665430).
2ad8 hook_setter::commit       204 <<< Hook transaction committed.
2ad8 hook_setter::hook_setter  156 >>> Started hook transaction.
2ad8 hook_setter::detach_iat   356 Attempting to unhook 00007FFD55F7ADF0 from GetEnvironmentVariableW in IAT for module 00007FF65E800000.
2ad8 pe_info::iterate_imports  160 Found import in 'api-ms-win-core-processenvironment-l1-1-0.dll'
2ad8 find_iat                  121 Found import at 00007FF65E833880 (value is 00007FFD55F7ADF0).
2ad8 hook_setter::commit       204 <<< Hook transaction committed.
2ad8 hook_setter::hook_setter  156 >>> Started hook transaction.
2ad8 hook_setter::attach_iat   313 Attempting to hook ReadConsoleW in IAT for module 00007FF65E800000.
2ad8 pe_info::iterate_imports  160 Found import in 'api-ms-win-core-console-l1-1-0.dll'
2ad8 find_iat                  121 Found import at 00007FF65E8334E0 (value is 00007FFDB0750EC0).
2ad8 hook_setter::commit       204 <<< Hook transaction committed.
2ad8 win_screen_buffer::begin  227 Using native terminal support; found 'ConEmuHk64.dll'.
2ad8 history_db::initialise   1268 master bank ctag: |CTAG_1663167284_18455859_4204_0
2ad8 history_db::compact      1492 History:  0 active, 0 deleted
